<?xml version="1.0" encoding="UTF-8"?>
<robot generator="Robot 6.0.2 (Python 3.10.4 on win32)" generated="20230706 22:26:13.740" rpa="false" schemaversion="3">
<suite id="s1" name="Delete Request" source="C:\Users\soyeb\PycharmProjects\APIAutomation\TestCases\Delete_Request.robot">
<test id="s1-t1" name="delete request" line="7">
<kw name="Create Session" library="RequestsLibrary">
<arg>Session1</arg>
<arg>${url}</arg>
<arg>disable_warnings=1</arg>
<doc>Create Session: create a HTTP session to a server</doc>
<msg timestamp="20230706 22:26:14.115" level="INFO">Creating Session using : alias=Session1, url=https://reqres.in, headers={},                     cookies={}, auth=None, timeout=None, proxies=None, verify=False,                     debug=0 </msg>
<status status="PASS" starttime="20230706 22:26:14.114" endtime="20230706 22:26:14.118"/>
</kw>
<kw name="Set Variable" library="BuiltIn">
<var>${endpoint}</var>
<arg>api/users/2</arg>
<doc>Returns the given values which can then be assigned to a variables.</doc>
<msg timestamp="20230706 22:26:14.118" level="INFO">${endpoint} = api/users/2</msg>
<status status="PASS" starttime="20230706 22:26:14.118" endtime="20230706 22:26:14.118"/>
</kw>
<kw name="DELETE On Session" library="RequestsLibrary">
<var>${response}</var>
<arg>Session1</arg>
<arg>${endpoint}</arg>
<doc>Sends a DELETE request on a previously created HTTP Session.</doc>
<msg timestamp="20230706 22:26:15.306" level="INFO">DELETE Request : url=https://reqres.in/api/users/2 
 path_url=/api/users/2 
 headers={'User-Agent': 'python-requests/2.29.0', 'Accept-Encoding': 'gzip, deflate', 'Accept': '*/*', 'Connection': 'keep-alive', 'Content-Length': '0'} 
 body=None 
 </msg>
<msg timestamp="20230706 22:26:15.307" level="INFO">DELETE Response : url=https://reqres.in/api/users/2 
 status=204, reason=No Content 
 headers={'Date': 'Thu, 06 Jul 2023 16:56:14 GMT', 'Content-Length': '0', 'Connection': 'keep-alive', 'X-Powered-By': 'Express', 'Access-Control-Allow-Origin': '*', 'Etag': 'W/"2-vyGp6PvFo4RvsFtPoIWeCReyIC8"', 'Via': '1.1 vegur', 'CF-Cache-Status': 'DYNAMIC', 'Report-To': '{"endpoints":[{"url":"https:\\/\\/a.nel.cloudflare.com\\/report\\/v3?s=s45p57kVLoMUSRDtyzpjvFQjOVMUuuOsBCBQYpV%2FK%2F6RVubZSiilb68QTXH6ywYI2dUR5DT0x0853EuQR%2B7gncqC5mQhRuabDbAewKHQvOkgVfk3bJ1QNKs1ePfIU6Likf048j%2FG7g%3D%3D"}],"group":"cf-nel","max_age":604800}', 'NEL': '{"success_fraction":0,"report_to":"cf-nel","max_age":604800}', 'Server': 'cloudflare', 'CF-RAY': '7e29613fdb4c85ae-BOM'} 
 body=None 
 </msg>
<msg timestamp="20230706 22:26:15.307" level="INFO">${response} = &lt;Response [204]&gt;</msg>
<status status="PASS" starttime="20230706 22:26:14.118" endtime="20230706 22:26:15.307"/>
</kw>
<kw name="Log To Console" library="BuiltIn">
<arg>${response.status_code}</arg>
<doc>Logs the given message to the console.</doc>
<status status="PASS" starttime="20230706 22:26:15.307" endtime="20230706 22:26:15.315"/>
</kw>
<kw name="Log To Console" library="BuiltIn">
<arg>${response.content}</arg>
<doc>Logs the given message to the console.</doc>
<status status="PASS" starttime="20230706 22:26:15.315" endtime="20230706 22:26:15.315"/>
</kw>
<kw name="Convert To String" library="BuiltIn">
<var>${status_code}</var>
<arg>${response.status_code}</arg>
<doc>Converts the given item to a Unicode string.</doc>
<msg timestamp="20230706 22:26:15.323" level="INFO">${status_code} = 204</msg>
<status status="PASS" starttime="20230706 22:26:15.315" endtime="20230706 22:26:15.323"/>
</kw>
<kw name="Should Be Equal" library="BuiltIn">
<arg>${status_code}</arg>
<arg>204</arg>
<doc>Fails if the given objects are unequal.</doc>
<status status="PASS" starttime="20230706 22:26:15.323" endtime="20230706 22:26:15.328"/>
</kw>
<tag>Demo</tag>
<status status="PASS" starttime="20230706 22:26:14.110" endtime="20230706 22:26:15.330"/>
</test>
<status status="PASS" starttime="20230706 22:26:13.754" endtime="20230706 22:26:15.333"/>
</suite>
<statistics>
<total>
<stat pass="1" fail="0" skip="0">All Tests</stat>
</total>
<tag>
<stat pass="1" fail="0" skip="0">Demo</stat>
</tag>
<suite>
<stat pass="1" fail="0" skip="0" id="s1" name="Delete Request">Delete Request</stat>
</suite>
</statistics>
<errors>
</errors>
</robot>
